<?xml version='1.0' encoding='utf-8'?>
<testsuites>
    <testsuite name="RBAC Matrix Tests" tests="5" failures="2">
        <testcase classname="User Management" name="admin_sys DELETE /api/users/10" />
        <testcase classname="User Management" name="guest_01 DELETE /api/users/10" />
        <testcase classname="Finance" name="staff_sale GET /api/salary">
            <failure message="RPAC Matrix Mismatch" type="MatrixMismatchError">Ma trận yêu cầu: False / Hệ thống trả về: True</failure>
        </testcase>
        <testcase classname="Audit" name="admin_sys DELETE /api/audit_logs">
            <failure message="Oracle Invariant Violation" type="OracleInvariantError">Vi phạm luật bất biến: FAIL: Xóa Audit Log</failure>
        </testcase>
        <testcase classname="Profile" name="staff_sale PUT /api/profile/me" />
    </testsuite>
</testsuites>